<?xml version="1.0" encoding="UTF-8"?>
<!-- Generated by org.testng.reporters.JUnitReportReporter -->
<testsuite skipped="0" hostname="DESKTOP-62NCO35" name="test_Cases.TC1_Login" tests="1" failures="0" timestamp="2021-05-24T02:15:19 PDT" time="81.618" errors="0">
  <testcase name="login" time="81.618" classname="test_Cases.TC1_Login"/>
  <system-out/>
</testsuite> <!-- test_Cases.TC1_Login -->
